This is pdfTeX, Version 3.14159265-2.6-1.40.16 (TeX Live 2015/W32TeX) (preloaded format=pdflatex 2015.10.27)  19 MAR 2016 20:46
entering extended mode
 restricted \write18 enabled.
 %&-line parsing enabled.
**"./A comparison of C++ and Java.tex"
(./A comparison of C++ and Java.tex
LaTeX2e <2015/10/01> patch level 1
Babel <3.9m> and hyphenation patterns for 79 languages loaded.
(c:/texlive/2015/texmf-dist/tex/latex/base/report.cls
Document Class: report 2014/09/29 v1.4h Standard LaTeX document class
(c:/texlive/2015/texmf-dist/tex/latex/base/size10.clo
File: size10.clo 2014/09/29 v1.4h Standard LaTeX file (size option)
)
\c@part=\count79
\c@chapter=\count80
\c@section=\count81
\c@subsection=\count82
\c@subsubsection=\count83
\c@paragraph=\count84
\c@subparagraph=\count85
\c@figure=\count86
\c@table=\count87
\abovecaptionskip=\skip41
\belowcaptionskip=\skip42
\bibindent=\dimen102
)
(c:/texlive/2015/texmf-dist/tex/latex/booktabs/booktabs.sty
Package: booktabs 2005/04/14 v1.61803 publication quality tables
\heavyrulewidth=\dimen103
\lightrulewidth=\dimen104
\cmidrulewidth=\dimen105
\belowrulesep=\dimen106
\belowbottomsep=\dimen107
\aboverulesep=\dimen108
\abovetopsep=\dimen109
\cmidrulesep=\dimen110
\cmidrulekern=\dimen111
\defaultaddspace=\dimen112
\@cmidla=\count88
\@cmidlb=\count89
\@aboverulesep=\dimen113
\@belowrulesep=\dimen114
\@thisruleclass=\count90
\@lastruleclass=\count91
\@thisrulewidth=\dimen115
)
(c:/texlive/2015/texmf-dist/tex/latex/listings/listings.sty
(c:/texlive/2015/texmf-dist/tex/latex/graphics/keyval.sty
Package: keyval 2014/10/28 v1.15 key=value parser (DPC)
\KV@toks@=\toks14
)
\lst@mode=\count92
\lst@gtempboxa=\box26
\lst@token=\toks15
\lst@length=\count93
\lst@currlwidth=\dimen116
\lst@column=\count94
\lst@pos=\count95
\lst@lostspace=\dimen117
\lst@width=\dimen118
\lst@newlines=\count96
\lst@lineno=\count97
\lst@maxwidth=\dimen119

(c:/texlive/2015/texmf-dist/tex/latex/listings/lstmisc.sty
File: lstmisc.sty 2015/06/04 1.6 (Carsten Heinz)
\c@lstnumber=\count98
\lst@skipnumbers=\count99
\lst@framebox=\box27
)
(c:/texlive/2015/texmf-dist/tex/latex/listings/listings.cfg
File: listings.cfg 2015/06/04 1.6 listings configuration
))
Package: listings 2015/06/04 1.6 (Carsten Heinz)

(c:/texlive/2015/texmf-dist/tex/latex/geometry/geometry.sty
Package: geometry 2010/09/12 v5.6 Page Geometry

(c:/texlive/2015/texmf-dist/tex/generic/oberdiek/ifpdf.sty
Package: ifpdf 2011/01/30 v2.3 Provides the ifpdf switch (HO)
Package ifpdf Info: pdfTeX in PDF mode is detected.
)
(c:/texlive/2015/texmf-dist/tex/generic/oberdiek/ifvtex.sty
Package: ifvtex 2010/03/01 v1.5 Detect VTeX and its facilities (HO)
Package ifvtex Info: VTeX not detected.
)
(c:/texlive/2015/texmf-dist/tex/generic/ifxetex/ifxetex.sty
Package: ifxetex 2010/09/12 v0.6 Provides ifxetex conditional
)
\Gm@cnth=\count100
\Gm@cntv=\count101
\c@Gm@tempcnt=\count102
\Gm@bindingoffset=\dimen120
\Gm@wd@mp=\dimen121
\Gm@odd@mp=\dimen122
\Gm@even@mp=\dimen123
\Gm@layoutwidth=\dimen124
\Gm@layoutheight=\dimen125
\Gm@layouthoffset=\dimen126
\Gm@layoutvoffset=\dimen127
\Gm@dimlist=\toks16
)
(./A comparison of C++ and Java.aux)
\openout1 = `"A comparison of C++ and Java.aux"'.

LaTeX Font Info:    Checking defaults for OML/cmm/m/it on input line 13.
LaTeX Font Info:    ... okay on input line 13.
LaTeX Font Info:    Checking defaults for T1/cmr/m/n on input line 13.
LaTeX Font Info:    ... okay on input line 13.
LaTeX Font Info:    Checking defaults for OT1/cmr/m/n on input line 13.
LaTeX Font Info:    ... okay on input line 13.
LaTeX Font Info:    Checking defaults for OMS/cmsy/m/n on input line 13.
LaTeX Font Info:    ... okay on input line 13.
LaTeX Font Info:    Checking defaults for OMX/cmex/m/n on input line 13.
LaTeX Font Info:    ... okay on input line 13.
LaTeX Font Info:    Checking defaults for U/cmr/m/n on input line 13.
LaTeX Font Info:    ... okay on input line 13.
\c@lstlisting=\count103

*geometry* driver: auto-detecting
*geometry* detected driver: pdftex
*geometry* verbose mode - [ preamble ] result:
* driver: pdftex
* paper: <default>
* layout: <same size as paper>
* layoutoffset:(h,v)=(0.0pt,0.0pt)
* modes: 
* h-part:(L,W,R)=(90.3375pt, 433.62001pt, 90.3375pt)
* v-part:(T,H,B)=(90.3375pt, 614.295pt, 90.3375pt)
* \paperwidth=614.295pt
* \paperheight=794.96999pt
* \textwidth=433.62001pt
* \textheight=614.295pt
* \oddsidemargin=18.0675pt
* \evensidemargin=18.0675pt
* \topmargin=-18.9325pt
* \headheight=12.0pt
* \headsep=25.0pt
* \topskip=10.0pt
* \footskip=30.0pt
* \marginparwidth=65.0pt
* \marginparsep=11.0pt
* \columnsep=10.0pt
* \skip\footins=9.0pt plus 4.0pt minus 2.0pt
* \hoffset=0.0pt
* \voffset=0.0pt
* \mag=1000
* \@twocolumnfalse
* \@twosidefalse
* \@mparswitchfalse
* \@reversemarginfalse
* (1in=72.27pt=25.4mm, 1cm=28.453pt)

LaTeX Font Info:    External font `cmex10' loaded for size
(Font)              <12> on input line 14.
LaTeX Font Info:    External font `cmex10' loaded for size
(Font)              <8> on input line 14.
LaTeX Font Info:    External font `cmex10' loaded for size
(Font)              <6> on input line 14.
[1

{c:/texlive/2015/texmf-var/fonts/map/pdftex/updmap/pdftex.map}] [1] [2]
[3] [4]
Appendix A.
(c:/texlive/2015/texmf-dist/tex/latex/listings/lstlang1.sty
File: lstlang1.sty 2015/06/04 1.6 listings language file
) [5

]
Appendix B.
(c:/texlive/2015/texmf-dist/tex/latex/listings/lstlang1.sty
File: lstlang1.sty 2015/06/04 1.6 listings language file
)
(c:/texlive/2015/texmf-dist/tex/latex/listings/lstlang1.sty
File: lstlang1.sty 2015/06/04 1.6 listings language file
)
(c:/texlive/2015/texmf-dist/tex/latex/listings/lstmisc.sty
File: lstmisc.sty 2015/06/04 1.6 (Carsten Heinz)
)
LaTeX Font Info:    External font `cmex10' loaded for size
(Font)              <7> on input line 105.
LaTeX Font Info:    External font `cmex10' loaded for size
(Font)              <5> on input line 105.
LaTeX Font Info:    Try loading font information for OMS+cmr on input line 106.


(c:/texlive/2015/texmf-dist/tex/latex/base/omscmr.fd
File: omscmr.fd 2014/09/29 v2.5h Standard LaTeX font definitions
)
LaTeX Font Info:    Font shape `OMS/cmr/m/n' in size <10> not available
(Font)              Font shape `OMS/cmsy/m/n' tried instead on input line 106.
 [6

]
Appendix C.
[7

]
Appendix D.
[8

]
Appendix E.
[9

]
Appendix F.
[10

]
Appendix G.
[11

]
Appendix H.
[12

]
Appendix I.
LaTeX Font Info:    Try loading font information for OML+cmr on input line 241.

(c:/texlive/2015/texmf-dist/tex/latex/base/omlcmr.fd
File: omlcmr.fd 2014/09/29 v2.5h Standard LaTeX font definitions
)
LaTeX Font Info:    Font shape `OML/cmr/m/n' in size <10> not available
(Font)              Font shape `OML/cmm/m/it' tried instead on input line 241.
 [13

]
Appendix J.
[14

]
Underfull \hbox (badness 10000) in paragraph at lines 271--272
[]\OT1/cmr/m/n/10 Jon By-ous. (2003). JAVA TECH-NOL-OGY: AN EARLY HIS-TOY. Avai
l-able:
 []


Underfull \hbox (badness 10000) in paragraph at lines 271--272
\OT1/cmr/m/n/10 https://www.santarosa.edu/~dpearson/mirrored[]pages/java.sun.co
m/Java[]Technology[]-
 []


Underfull \hbox (badness 6220) in paragraph at lines 275--276
[]\OT1/cmr/m/n/10 Premshree Pil-lai. (2004). In-tro-duc-tion to Static and Dy-n
amic Typ-ing. Avail-able:
 []


Underfull \hbox (badness 4132) in paragraph at lines 277--278
[]\OT1/cmr/m/n/10 N/A. (N/A). Pa-ram-e-ter pass-ing in Java - by ref-er-ence or
 by value?. Avail-able:
 []


Underfull \hbox (badness 10000) in paragraph at lines 281--282
[]\OT1/cmr/m/n/10 N/A. (N/A). How Garbage Col-lec-tion Re-ally Works. Avail-abl
e:
 []


Underfull \hbox (badness 7851) in paragraph at lines 281--282
\OT1/cmr/m/n/10 http://www.dynatrace.com/en/javabook/how-garbage-collection-wor
ks.html. Last ac-cessed
 []


Underfull \hbox (badness 7522) in paragraph at lines 283--284
[]\OT1/cmr/m/n/10 Andrei Milea. (N/A). Com-mon Mem-ory Man-age-ment Prob-lems i
n C++. Avail-
 []


Underfull \hbox (badness 1430) in paragraph at lines 283--284
\OT1/cmr/m/n/10 able: http://www.cprogramming.com/tutorial/c++[]memory[]problem
s.html. Last ac-cessed
 []


Overfull \hbox (88.74228pt too wide) in paragraph at lines 287--289
[]\OT1/cmr/m/n/10 N/A. (2004). The Com-pi-la-tion Pro-cess. Avail-able: http://
althing.cs.dartmouth.edu/local/www.acm.uiuc.edu/sigmil
 []


Overfull \hbox (63.46432pt too wide) in paragraph at lines 290--291
[]\OT1/cmr/m/n/10 N/A. (N/A). Les-son: Con-cur-rency. Avail-able: https://docs.
oracle.com/javase/tutorial/essential/concurrency/
 []


Overfull \hbox (81.82547pt too wide) in paragraph at lines 292--293
[]\OT1/cmr/m/n/10 N/A. (N/A). Con-cur-rency in C++11. Avail-able: https://www.c
lasses.cs.uchicago.edu/archive/2013/spring/12300-
 []


Overfull \hbox (52.21434pt too wide) in paragraph at lines 294--295
[]\OT1/cmr/m/n/10 N/A. (N/A). Les-son: Ex-cep-tions. Avail-able: https://docs.o
racle.com/javase/tutorial/essential/exceptions/.
 []

[15

] (./A comparison of C++ and Java.aux) ) 
Here is how much of TeX's memory you used:
 2388 strings out of 493054
 33731 string characters out of 6138326
 127391 words of memory out of 5000000
 5933 multiletter control sequences out of 15000+600000
 9146 words of font info for 32 fonts, out of 8000000 for 9000
 1141 hyphenation exceptions out of 8191
 34i,6n,60p,1241b,1274s stack positions out of 5000i,500n,10000p,200000b,80000s
<c:/texlive/2015/texmf-dist/fonts/type1
/public/amsfonts/cm/cmbx10.pfb><c:/texlive/2015/texmf-dist/fonts/type1/public/a
msfonts/cm/cmbx12.pfb><c:/texlive/2015/texmf-dist/fonts/type1/public/amsfonts/c
m/cmmi10.pfb><c:/texlive/2015/texmf-dist/fonts/type1/public/amsfonts/cm/cmr10.p
fb><c:/texlive/2015/texmf-dist/fonts/type1/public/amsfonts/cm/cmr12.pfb><c:/tex
live/2015/texmf-dist/fonts/type1/public/amsfonts/cm/cmr17.pfb><c:/texlive/2015/
texmf-dist/fonts/type1/public/amsfonts/cm/cmsy10.pfb><c:/texlive/2015/texmf-dis
t/fonts/type1/public/amsfonts/cm/cmti10.pfb>
Output written on "A comparison of C++ and Java.pdf" (16 pages, 131259 bytes).
PDF statistics:
 88 PDF objects out of 1000 (max. 8388607)
 61 compressed objects within 1 object stream
 0 named destinations out of 1000 (max. 500000)
 1 words of extra memory for PDF output out of 10000 (max. 10000000)

