This is pdfTeX, Version 3.14159265-2.6-1.40.16 (TeX Live 2015/W32TeX) (preloaded format=pdflatex 2015.10.27)  19 MAR 2016 20:46
entering extended mode
 restricted \write18 enabled.
 %&-line parsing enabled.
**"./Comparing the Performance of Implicit and Explicit Concurrency in Java.tex
"
(./Comparing the Performance of Implicit and Explicit Concurrency in Java.tex
LaTeX2e <2015/10/01> patch level 1
Babel <3.9m> and hyphenation patterns for 79 languages loaded.
(c:/texlive/2015/texmf-dist/tex/latex/base/report.cls
Document Class: report 2014/09/29 v1.4h Standard LaTeX document class
(c:/texlive/2015/texmf-dist/tex/latex/base/size10.clo
File: size10.clo 2014/09/29 v1.4h Standard LaTeX file (size option)
)
\c@part=\count79
\c@chapter=\count80
\c@section=\count81
\c@subsection=\count82
\c@subsubsection=\count83
\c@paragraph=\count84
\c@subparagraph=\count85
\c@figure=\count86
\c@table=\count87
\abovecaptionskip=\skip41
\belowcaptionskip=\skip42
\bibindent=\dimen102
)
(c:/texlive/2015/texmf-dist/tex/latex/listings/listings.sty
(c:/texlive/2015/texmf-dist/tex/latex/graphics/keyval.sty
Package: keyval 2014/10/28 v1.15 key=value parser (DPC)
\KV@toks@=\toks14
)
\lst@mode=\count88
\lst@gtempboxa=\box26
\lst@token=\toks15
\lst@length=\count89
\lst@currlwidth=\dimen103
\lst@column=\count90
\lst@pos=\count91
\lst@lostspace=\dimen104
\lst@width=\dimen105
\lst@newlines=\count92
\lst@lineno=\count93
\lst@maxwidth=\dimen106

(c:/texlive/2015/texmf-dist/tex/latex/listings/lstmisc.sty
File: lstmisc.sty 2015/06/04 1.6 (Carsten Heinz)
\c@lstnumber=\count94
\lst@skipnumbers=\count95
\lst@framebox=\box27
)
(c:/texlive/2015/texmf-dist/tex/latex/listings/listings.cfg
File: listings.cfg 2015/06/04 1.6 listings configuration
))
Package: listings 2015/06/04 1.6 (Carsten Heinz)

(c:/texlive/2015/texmf-dist/tex/latex/geometry/geometry.sty
Package: geometry 2010/09/12 v5.6 Page Geometry

(c:/texlive/2015/texmf-dist/tex/generic/oberdiek/ifpdf.sty
Package: ifpdf 2011/01/30 v2.3 Provides the ifpdf switch (HO)
Package ifpdf Info: pdfTeX in PDF mode is detected.
)
(c:/texlive/2015/texmf-dist/tex/generic/oberdiek/ifvtex.sty
Package: ifvtex 2010/03/01 v1.5 Detect VTeX and its facilities (HO)
Package ifvtex Info: VTeX not detected.
)
(c:/texlive/2015/texmf-dist/tex/generic/ifxetex/ifxetex.sty
Package: ifxetex 2010/09/12 v0.6 Provides ifxetex conditional
)
\Gm@cnth=\count96
\Gm@cntv=\count97
\c@Gm@tempcnt=\count98
\Gm@bindingoffset=\dimen107
\Gm@wd@mp=\dimen108
\Gm@odd@mp=\dimen109
\Gm@even@mp=\dimen110
\Gm@layoutwidth=\dimen111
\Gm@layoutheight=\dimen112
\Gm@layouthoffset=\dimen113
\Gm@layoutvoffset=\dimen114
\Gm@dimlist=\toks16
)
(c:/texlive/2015/texmf-dist/tex/latex/graphics/graphicx.sty
Package: graphicx 2014/10/28 v1.0g Enhanced LaTeX Graphics (DPC,SPQR)

(c:/texlive/2015/texmf-dist/tex/latex/graphics/graphics.sty
Package: graphics 2014/10/28 v1.0p Standard LaTeX Graphics (DPC,SPQR)

(c:/texlive/2015/texmf-dist/tex/latex/graphics/trig.sty
Package: trig 1999/03/16 v1.09 sin cos tan (DPC)
)
(c:/texlive/2015/texmf-dist/tex/latex/latexconfig/graphics.cfg
File: graphics.cfg 2010/04/23 v1.9 graphics configuration of TeX Live
)
Package graphics Info: Driver file: pdftex.def on input line 94.

(c:/texlive/2015/texmf-dist/tex/latex/pdftex-def/pdftex.def
File: pdftex.def 2011/05/27 v0.06d Graphics/color for pdfTeX

(c:/texlive/2015/texmf-dist/tex/generic/oberdiek/infwarerr.sty
Package: infwarerr 2010/04/08 v1.3 Providing info/warning/error messages (HO)
)
(c:/texlive/2015/texmf-dist/tex/generic/oberdiek/ltxcmds.sty
Package: ltxcmds 2011/11/09 v1.22 LaTeX kernel commands for general use (HO)
)
\Gread@gobject=\count99
))
\Gin@req@height=\dimen115
\Gin@req@width=\dimen116
)
(c:/texlive/2015/texmf-dist/tex/latex/pdfpages/pdfpages.sty
Package: pdfpages 2015/09/18 v0.5d Insert pages of external PDF documents (AM)

(c:/texlive/2015/texmf-dist/tex/latex/base/ifthen.sty
Package: ifthen 2014/09/29 v1.1c Standard LaTeX ifthen package (DPC)
)
(c:/texlive/2015/texmf-dist/tex/latex/tools/calc.sty
Package: calc 2014/10/28 v4.3 Infix arithmetic (KKT,FJ)
\calc@Acount=\count100
\calc@Bcount=\count101
\calc@Adimen=\dimen117
\calc@Bdimen=\dimen118
\calc@Askip=\skip43
\calc@Bskip=\skip44
LaTeX Info: Redefining \setlength on input line 80.
LaTeX Info: Redefining \addtolength on input line 81.
\calc@Ccount=\count102
\calc@Cskip=\skip45
)
(c:/texlive/2015/texmf-dist/tex/latex/eso-pic/eso-pic.sty
Package: eso-pic 2015/07/21 v2.0g eso-pic (RN)

(c:/texlive/2015/texmf-dist/tex/generic/oberdiek/atbegshi.sty
Package: atbegshi 2011/10/05 v1.16 At begin shipout hook (HO)
)
(c:/texlive/2015/texmf-dist/tex/latex/xcolor/xcolor.sty
Package: xcolor 2007/01/21 v2.11 LaTeX color extensions (UK)

(c:/texlive/2015/texmf-dist/tex/latex/latexconfig/color.cfg
File: color.cfg 2007/01/18 v1.5 color configuration of teTeX/TeXLive
)
Package xcolor Info: Driver file: pdftex.def on input line 225.
Package xcolor Info: Model `cmy' substituted by `cmy0' on input line 1337.
Package xcolor Info: Model `hsb' substituted by `rgb' on input line 1341.
Package xcolor Info: Model `RGB' extended on input line 1353.
Package xcolor Info: Model `HTML' substituted by `rgb' on input line 1355.
Package xcolor Info: Model `Hsb' substituted by `hsb' on input line 1356.
Package xcolor Info: Model `tHsb' substituted by `hsb' on input line 1357.
Package xcolor Info: Model `HSB' substituted by `hsb' on input line 1358.
Package xcolor Info: Model `Gray' substituted by `gray' on input line 1359.
Package xcolor Info: Model `wave' substituted by `hsb' on input line 1360.
))
\AM@pagewidth=\dimen119
\AM@pageheight=\dimen120

(c:/texlive/2015/texmf-dist/tex/latex/pdfpages/pppdftex.def
File: pppdftex.def 2015/09/18 v0.5d Pdfpages driver for pdfTeX (AM)
)
\AM@pagebox=\box28
\AM@toc@title=\toks17
\c@AM@survey=\count103
\AM@templatesizebox=\box29
)
(./Comparing the Performance of Implicit and Explicit Concurrency in Java.aux)
\openout1 = `"Comparing the Performance of Implicit and Explicit Concurrency in
 Java.aux"'.

LaTeX Font Info:    Checking defaults for OML/cmm/m/it on input line 13.
LaTeX Font Info:    ... okay on input line 13.
LaTeX Font Info:    Checking defaults for T1/cmr/m/n on input line 13.
LaTeX Font Info:    ... okay on input line 13.
LaTeX Font Info:    Checking defaults for OT1/cmr/m/n on input line 13.
LaTeX Font Info:    ... okay on input line 13.
LaTeX Font Info:    Checking defaults for OMS/cmsy/m/n on input line 13.
LaTeX Font Info:    ... okay on input line 13.
LaTeX Font Info:    Checking defaults for OMX/cmex/m/n on input line 13.
LaTeX Font Info:    ... okay on input line 13.
LaTeX Font Info:    Checking defaults for U/cmr/m/n on input line 13.
LaTeX Font Info:    ... okay on input line 13.
\c@lstlisting=\count104

*geometry* driver: auto-detecting
*geometry* detected driver: pdftex
*geometry* verbose mode - [ preamble ] result:
* driver: pdftex
* paper: <default>
* layout: <same size as paper>
* layoutoffset:(h,v)=(0.0pt,0.0pt)
* modes: 
* h-part:(L,W,R)=(90.3375pt, 433.62001pt, 90.3375pt)
* v-part:(T,H,B)=(90.3375pt, 614.295pt, 90.3375pt)
* \paperwidth=614.295pt
* \paperheight=794.96999pt
* \textwidth=433.62001pt
* \textheight=614.295pt
* \oddsidemargin=18.0675pt
* \evensidemargin=18.0675pt
* \topmargin=-18.9325pt
* \headheight=12.0pt
* \headsep=25.0pt
* \topskip=10.0pt
* \footskip=30.0pt
* \marginparwidth=65.0pt
* \marginparsep=11.0pt
* \columnsep=10.0pt
* \skip\footins=9.0pt plus 4.0pt minus 2.0pt
* \hoffset=0.0pt
* \voffset=0.0pt
* \mag=1000
* \@twocolumnfalse
* \@twosidefalse
* \@mparswitchfalse
* \@reversemarginfalse
* (1in=72.27pt=25.4mm, 1cm=28.453pt)

(c:/texlive/2015/texmf-dist/tex/context/base/supp-pdf.mkii
[Loading MPS to PDF converter (version 2006.09.02).]
\scratchcounter=\count105
\scratchdimen=\dimen121
\scratchbox=\box30
\nofMPsegments=\count106
\nofMParguments=\count107
\everyMPshowfont=\toks18
\MPscratchCnt=\count108
\MPscratchDim=\dimen122
\MPnumerator=\count109
\makeMPintoPDFobject=\count110
\everyMPtoPDFconversion=\toks19
) (c:/texlive/2015/texmf-dist/tex/generic/oberdiek/pdftexcmds.sty
Package: pdftexcmds 2011/11/29 v0.20 Utility functions of pdfTeX for LuaTeX (HO
)

(c:/texlive/2015/texmf-dist/tex/generic/oberdiek/ifluatex.sty
Package: ifluatex 2010/03/01 v1.3 Provides the ifluatex switch (HO)
Package ifluatex Info: LuaTeX not detected.
)
Package pdftexcmds Info: LuaTeX not detected.
Package pdftexcmds Info: \pdf@primitive is available.
Package pdftexcmds Info: \pdf@ifprimitive is available.
Package pdftexcmds Info: \pdfdraftmode found.
)
(c:/texlive/2015/texmf-dist/tex/latex/oberdiek/epstopdf-base.sty
Package: epstopdf-base 2010/02/09 v2.5 Base part for package epstopdf

(c:/texlive/2015/texmf-dist/tex/latex/oberdiek/grfext.sty
Package: grfext 2010/08/19 v1.1 Manage graphics extensions (HO)

(c:/texlive/2015/texmf-dist/tex/generic/oberdiek/kvdefinekeys.sty
Package: kvdefinekeys 2011/04/07 v1.3 Define keys (HO)
))
(c:/texlive/2015/texmf-dist/tex/latex/oberdiek/kvoptions.sty
Package: kvoptions 2011/06/30 v3.11 Key value format for package options (HO)

(c:/texlive/2015/texmf-dist/tex/generic/oberdiek/kvsetkeys.sty
Package: kvsetkeys 2012/04/25 v1.16 Key value parser (HO)

(c:/texlive/2015/texmf-dist/tex/generic/oberdiek/etexcmds.sty
Package: etexcmds 2011/02/16 v1.5 Avoid name clashes with e-TeX commands (HO)
Package etexcmds Info: Could not find \expanded.
(etexcmds)             That can mean that you are not using pdfTeX 1.50 or
(etexcmds)             that some package has redefined \expanded.
(etexcmds)             In the latter case, load this package earlier.
)))
Package grfext Info: Graphics extension search list:
(grfext)             [.png,.pdf,.jpg,.mps,.jpeg,.jbig2,.jb2,.PNG,.PDF,.JPG,.JPE
G,.JBIG2,.JB2,.eps]
(grfext)             \AppendGraphicsExtensions on input line 452.

(c:/texlive/2015/texmf-dist/tex/latex/latexconfig/epstopdf-sys.cfg
File: epstopdf-sys.cfg 2010/07/13 v1.3 Configuration of (r)epstopdf for TeX Liv
e
))
\AtBeginShipoutBox=\box31

(c:/texlive/2015/texmf-dist/tex/latex/oberdiek/pdflscape.sty
Package: pdflscape 2008/08/11 v0.10 Display of landscape pages in PDF (HO)

(c:/texlive/2015/texmf-dist/tex/latex/graphics/lscape.sty
Package: lscape 2000/10/22 v3.01 Landscape Pages (DPC)
)
Package pdflscape Info: Auto-detected driver: pdftex on input line 80.
)
LaTeX Font Info:    External font `cmex10' loaded for size
(Font)              <12> on input line 14.
LaTeX Font Info:    External font `cmex10' loaded for size
(Font)              <8> on input line 14.
LaTeX Font Info:    External font `cmex10' loaded for size
(Font)              <6> on input line 14.
 [1

{c:/texlive/2015/texmf-var/fonts/map/pdftex/updmap/pdftex.map}] [1] [2]
Appendix A.
(c:/texlive/2015/texmf-dist/tex/latex/listings/lstlang1.sty
File: lstlang1.sty 2015/06/04 1.6 listings language file
)
LaTeX Font Info:    Try loading font information for OMS+cmr on input line 48.

(c:/texlive/2015/texmf-dist/tex/latex/base/omscmr.fd
File: omscmr.fd 2014/09/29 v2.5h Standard LaTeX font definitions
)
LaTeX Font Info:    Font shape `OMS/cmr/m/n' in size <10> not available
(Font)              Font shape `OMS/cmsy/m/n' tried instead on input line 48.
LaTeX Font Info:    Try loading font information for OML+cmr on input line 49.

(c:/texlive/2015/texmf-dist/tex/latex/base/omlcmr.fd
File: omlcmr.fd 2014/09/29 v2.5h Standard LaTeX font definitions
)
LaTeX Font Info:    Font shape `OML/cmr/m/n' in size <10> not available
(Font)              Font shape `OML/cmm/m/it' tried instead on input line 49.
 [3

]
Appendix B.
LaTeX Font Info:    External font `cmex10' loaded for size
(Font)              <7> on input line 89.
LaTeX Font Info:    External font `cmex10' loaded for size
(Font)              <5> on input line 89.

LaTeX Warning: `!h' float specifier changed to `!ht'.

[4

] [5]
Appendix C.
[6

]
Appendix D.
[7

]
Appendix E.
[8

]
Appendix F.
<results_4_CORES_PC.pdf, id=38, 597.23125pt x 845.1575pt>
File: results_4_CORES_PC.pdf Graphic file (type pdf)

<use results_4_CORES_PC.pdf>
Package pdftex.def Info: results_4_CORES_PC.pdf used on input line 176.
(pdftex.def)             Requested size: 597.22978pt x 845.15544pt.
File: results_4_CORES_PC.pdf Graphic file (type pdf)
 <use results_4_CORES_PC.pdf>
Package pdftex.def Info: results_4_CORES_PC.pdf used on input line 176.
(pdftex.def)             Requested size: 597.22978pt x 845.15544pt.

<results_4_CORES_PC.pdf, id=41, page=1, 597.23125pt x 845.1575pt>
File: results_4_CORES_PC.pdf Graphic file (type pdf)

<use results_4_CORES_PC.pdf, page 1>
Package pdftex.def Info: results_4_CORES_PC.pdf, page1 used on input line 176.
(pdftex.def)             Requested size: 597.22978pt x 845.15544pt.
File: results_4_CORES_PC.pdf Graphic file (type pdf)
 <use results_4_CORES_PC.pdf, page 1>
Package pdftex.def Info: results_4_CORES_PC.pdf, page1 used on input line 176.
(pdftex.def)             Requested size: 561.86221pt x 795.10587pt.

[9

]
File: results_4_CORES_PC.pdf Graphic file (type pdf)
 <use results_4_CORES_PC.pdf, page 1>
Package pdftex.def Info: results_4_CORES_PC.pdf, page1 used on input line 176.
(pdftex.def)             Requested size: 561.86221pt x 795.10587pt.
File: results_4_CORES_PC.pdf Graphic file (type pdf)
 <use results_4_CORES_PC.pdf, page 1>
Package pdftex.def Info: results_4_CORES_PC.pdf, page1 used on input line 176.
(pdftex.def)             Requested size: 561.86221pt x 795.10587pt.
File: results_4_CORES_PC.pdf Graphic file (type pdf)

<use results_4_CORES_PC.pdf, page 1>
Package pdftex.def Info: results_4_CORES_PC.pdf, page1 used on input line 176.
(pdftex.def)             Requested size: 561.86221pt x 795.10587pt.
 [10 <./results_4_CORES_PC.pdf>]
File: results_4_CORES_PC.pdf Graphic file (type pdf)

<use results_4_CORES_PC.pdf>
Package pdftex.def Info: results_4_CORES_PC.pdf used on input line 177.
(pdftex.def)             Requested size: 597.22978pt x 845.15544pt.
File: results_4_CORES_PC.pdf Graphic file (type pdf)
 <use results_4_CORES_PC.pdf>
Package pdftex.def Info: results_4_CORES_PC.pdf used on input line 177.
(pdftex.def)             Requested size: 597.22978pt x 845.15544pt.

<results_4_CORES_PC.pdf, id=57, page=2, 597.23125pt x 845.1575pt>
File: results_4_CORES_PC.pdf Graphic file (type pdf)

<use results_4_CORES_PC.pdf, page 2>
Package pdftex.def Info: results_4_CORES_PC.pdf, page2 used on input line 177.
(pdftex.def)             Requested size: 597.22978pt x 845.15544pt.
File: results_4_CORES_PC.pdf Graphic file (type pdf)
 <use results_4_CORES_PC.pdf, page 2>
Package pdftex.def Info: results_4_CORES_PC.pdf, page2 used on input line 177.
(pdftex.def)             Requested size: 561.86221pt x 795.10587pt.
File: results_4_CORES_PC.pdf Graphic file (type pdf)

<use results_4_CORES_PC.pdf, page 2>
Package pdftex.def Info: results_4_CORES_PC.pdf, page2 used on input line 177.
(pdftex.def)             Requested size: 561.86221pt x 795.10587pt.
File: results_4_CORES_PC.pdf Graphic file (type pdf)
 <use results_4_CORES_PC.pdf, page 2>
Package pdftex.def Info: results_4_CORES_PC.pdf, page2 used on input line 177.
(pdftex.def)             Requested size: 561.86221pt x 795.10587pt.
File: results_4_CORES_PC.pdf Graphic file (type pdf)

<use results_4_CORES_PC.pdf, page 2>
Package pdftex.def Info: results_4_CORES_PC.pdf, page2 used on input line 177.
(pdftex.def)             Requested size: 561.86221pt x 795.10587pt.
 [11 <./results_4_CORES_PC.pdf>]
<results_4_CORES_LAPTOP.pdf, id=62, 597.23125pt x 845.1575pt>
File: results_4_CORES_LAPTOP.pdf Graphic file (type pdf)

<use results_4_CORES_LAPTOP.pdf>
Package pdftex.def Info: results_4_CORES_LAPTOP.pdf used on input line 178.
(pdftex.def)             Requested size: 597.22978pt x 845.15544pt.
File: results_4_CORES_LAPTOP.pdf Graphic file (type pdf)
 <use results_4_CORES_LAPTOP.pdf>
Package pdftex.def Info: results_4_CORES_LAPTOP.pdf used on input line 178.
(pdftex.def)             Requested size: 597.22978pt x 845.15544pt.

<results_4_CORES_LAPTOP.pdf, id=65, page=1, 597.23125pt x 845.1575pt>
File: results_4_CORES_LAPTOP.pdf Graphic file (type pdf)

<use results_4_CORES_LAPTOP.pdf, page 1>
Package pdftex.def Info: results_4_CORES_LAPTOP.pdf, page1 used on input line 1
78.
(pdftex.def)             Requested size: 597.22978pt x 845.15544pt.
File: results_4_CORES_LAPTOP.pdf Graphic file (type pdf)

<use results_4_CORES_LAPTOP.pdf, page 1>
Package pdftex.def Info: results_4_CORES_LAPTOP.pdf, page1 used on input line 1
78.
(pdftex.def)             Requested size: 561.86221pt x 795.10587pt.
File: results_4_CORES_LAPTOP.pdf Graphic file (type pdf)

<use results_4_CORES_LAPTOP.pdf, page 1>
Package pdftex.def Info: results_4_CORES_LAPTOP.pdf, page1 used on input line 1
78.
(pdftex.def)             Requested size: 561.86221pt x 795.10587pt.
File: results_4_CORES_LAPTOP.pdf Graphic file (type pdf)

<use results_4_CORES_LAPTOP.pdf, page 1>
Package pdftex.def Info: results_4_CORES_LAPTOP.pdf, page1 used on input line 1
78.
(pdftex.def)             Requested size: 561.86221pt x 795.10587pt.
File: results_4_CORES_LAPTOP.pdf Graphic file (type pdf)

<use results_4_CORES_LAPTOP.pdf, page 1>
Package pdftex.def Info: results_4_CORES_LAPTOP.pdf, page1 used on input line 1
78.
(pdftex.def)             Requested size: 561.86221pt x 795.10587pt.
 [12 <./results_4_CORES_LAPTOP.pdf>]
File: results_4_CORES_LAPTOP.pdf Graphic file (type pdf)

<use results_4_CORES_LAPTOP.pdf>
Package pdftex.def Info: results_4_CORES_LAPTOP.pdf used on input line 179.
(pdftex.def)             Requested size: 597.22978pt x 845.15544pt.
File: results_4_CORES_LAPTOP.pdf Graphic file (type pdf)
 <use results_4_CORES_LAPTOP.pdf>
Package pdftex.def Info: results_4_CORES_LAPTOP.pdf used on input line 179.
(pdftex.def)             Requested size: 597.22978pt x 845.15544pt.

<results_4_CORES_LAPTOP.pdf, id=79, page=2, 597.23125pt x 845.1575pt>
File: results_4_CORES_LAPTOP.pdf Graphic file (type pdf)

<use results_4_CORES_LAPTOP.pdf, page 2>
Package pdftex.def Info: results_4_CORES_LAPTOP.pdf, page2 used on input line 1
79.
(pdftex.def)             Requested size: 597.22978pt x 845.15544pt.
File: results_4_CORES_LAPTOP.pdf Graphic file (type pdf)

<use results_4_CORES_LAPTOP.pdf, page 2>
Package pdftex.def Info: results_4_CORES_LAPTOP.pdf, page2 used on input line 1
79.
(pdftex.def)             Requested size: 561.86221pt x 795.10587pt.
File: results_4_CORES_LAPTOP.pdf Graphic file (type pdf)

<use results_4_CORES_LAPTOP.pdf, page 2>
Package pdftex.def Info: results_4_CORES_LAPTOP.pdf, page2 used on input line 1
79.
(pdftex.def)             Requested size: 561.86221pt x 795.10587pt.
File: results_4_CORES_LAPTOP.pdf Graphic file (type pdf)

<use results_4_CORES_LAPTOP.pdf, page 2>
Package pdftex.def Info: results_4_CORES_LAPTOP.pdf, page2 used on input line 1
79.
(pdftex.def)             Requested size: 561.86221pt x 795.10587pt.
File: results_4_CORES_LAPTOP.pdf Graphic file (type pdf)

<use results_4_CORES_LAPTOP.pdf, page 2>
Package pdftex.def Info: results_4_CORES_LAPTOP.pdf, page2 used on input line 1
79.
(pdftex.def)             Requested size: 561.86221pt x 795.10587pt.
 [13 <./results_4_CORES_LAPTOP.pdf>]
Appendix G.
<PC_GRAPHS.png, id=84, 644.4075pt x 706.13812pt>
File: PC_GRAPHS.png Graphic file (type png)
 <use PC_GRAPHS.png>
Package pdftex.def Info: PC_GRAPHS.png used on input line 184.
(pdftex.def)             Requested size: 483.30444pt x 529.6023pt.

Overfull \hbox (49.68443pt too wide) in paragraph at lines 184--185
[][] 
 []


LaTeX Warning: `!h' float specifier changed to `!ht'.

<LAPTOP_GRAPHS.png, id=86, 644.4075pt x 697.8572pt>
File: LAPTOP_GRAPHS.png Graphic file (type png)
 <use LAPTOP_GRAPHS.png>
Package pdftex.def Info: LAPTOP_GRAPHS.png used on input line 189.
(pdftex.def)             Requested size: 483.30444pt x 523.3916pt.

Overfull \hbox (49.68443pt too wide) in paragraph at lines 189--190
[][] 
 []


LaTeX Warning: `!h' float specifier changed to `!ht'.

[14

] [15 <./PC_GRAPHS.png>] [16 <./LAPTOP_GRAPHS.png>]
(./Comparing the Performance of Implicit and Explicit Concurrency in Java.aux) 
) 
Here is how much of TeX's memory you used:
 4657 strings out of 493054
 67843 string characters out of 6138326
 183009 words of memory out of 5000000
 8118 multiletter control sequences out of 15000+600000
 8501 words of font info for 30 fonts, out of 8000000 for 9000
 1141 hyphenation exceptions out of 8191
 38i,18n,43p,1411b,1332s stack positions out of 5000i,500n,10000p,200000b,80000s
<c:/texlive/2015/texmf-dist/fonts/type1/public/amsfonts/cm/cmbx10.pfb><c:/texl
ive/2015/texmf-dist/fonts/type1/public/amsfonts/cm/cmbx12.pfb><c:/texlive/2015/
texmf-dist/fonts/type1/public/amsfonts/cm/cmmi10.pfb><c:/texlive/2015/texmf-dis
t/fonts/type1/public/amsfonts/cm/cmr10.pfb><c:/texlive/2015/texmf-dist/fonts/ty
pe1/public/amsfonts/cm/cmr12.pfb><c:/texlive/2015/texmf-dist/fonts/type1/public
/amsfonts/cm/cmr17.pfb><c:/texlive/2015/texmf-dist/fonts/type1/public/amsfonts/
cm/cmsy10.pfb>
Output written on "Comparing the Performance of Implicit and Explicit Concurren
cy in Java.pdf" (17 pages, 225593 bytes).
PDF statistics:
 121 PDF objects out of 1000 (max. 8388607)
 73 compressed objects within 1 object stream
 0 named destinations out of 1000 (max. 500000)
 81 words of extra memory for PDF output out of 10000 (max. 10000000)

